Arguments: 
  /home/jay/.nvm/versions/node/v12.18.2/bin/node /home/jay/.nvm/versions/node/v12.18.2/bin/yarn add react-naive-webview

PATH: 
  /home/jay/.local/bin:/home/jay/.nvm/versions/node/v12.18.2/bin:/home/jay/.local/bin:/usr/local/sbin:/usr/local/bin:/usr/sbin:/usr/bin:/sbin:/bin:/usr/games:/usr/local/games:/snap/bin:/home/jay/.dotnet/tools:/home/jay/.dotnet/tools

Yarn version: 
  1.22.4

Node version: 
  12.18.2

Platform: 
  linux x64

Trace: 
  Error: https://registry.yarnpkg.com/react-naive-webview: Not found
      at Request.params.callback [as _callback] (/home/jay/.nvm/versions/node/v12.18.2/lib/node_modules/yarn/lib/cli.js:66987:18)
      at Request.self.callback (/home/jay/.nvm/versions/node/v12.18.2/lib/node_modules/yarn/lib/cli.js:140748:22)
      at Request.emit (events.js:315:20)
      at Request.<anonymous> (/home/jay/.nvm/versions/node/v12.18.2/lib/node_modules/yarn/lib/cli.js:141720:10)
      at Request.emit (events.js:315:20)
      at IncomingMessage.<anonymous> (/home/jay/.nvm/versions/node/v12.18.2/lib/node_modules/yarn/lib/cli.js:141642:12)
      at Object.onceWrapper (events.js:421:28)
      at IncomingMessage.emit (events.js:327:22)
      at endReadableNT (_stream_readable.js:1221:12)
      at processTicksAndRejections (internal/process/task_queues.js:84:21)

npm manifest: 
  {
    "main": "node_modules/expo/AppEntry.js",
    "scripts": {
      "start": "expo start",
      "android": "expo start --android",
      "ios": "expo start --ios",
      "web": "expo start --web",
      "eject": "expo eject"
    },
    "dependencies": {
      "@react-native-community/masked-view": "^0.1.10",
      "@react-native-community/picker": "^1.6.6",
      "@react-navigation/bottom-tabs": "^5.8.0",
      "@react-navigation/native": "^5.7.3",
      "@react-navigation/stack": "^5.9.0",
      "axios": "^0.20.0",
      "expo": "~38.0.8",
      "expo-status-bar": "^1.0.2",
      "install": "^0.13.0",
      "npm": "^6.14.8",
      "react": "~16.11.0",
      "react-dom": "~16.11.0",
      "react-native": "https://github.com/expo/react-native/archive/sdk-38.0.2.tar.gz",
      "react-native-action-button": "^2.8.5",
      "react-native-fab": "^1.0.17",
      "react-native-floating-action": "^1.21.0",
      "react-native-gesture-handler": "^1.8.0",
      "react-native-reanimated": "^1.13.0",
      "react-native-screens": "^2.10.1",
      "react-native-web": "~0.11.7",
      "react-navigation": "^4.4.0"
    },
    "devDependencies": {
      "@babel/core": "^7.8.6",
      "babel-preset-expo": "~8.1.0"
    },
    "private": true
  }

yarn manifest: 
  No manifest

Lockfile: 
  No lockfile
